--------------------------------------------------------------------------------
Release 14.7 Trace  (lin64)
Copyright (c) 1995-2013 Xilinx, Inc.  All rights reserved.

/home/user/.local/Xilinx/14.7/ISE_DS/ISE/bin/lin64/unwrapped/trce -intstyle ise
-v 3 -s 10 -n 3 -fastpaths -xml Top.twx Top.ncd -o Top.twr Top.pcf -ucf
Top1.ucf

Design file:              Top.ncd
Physical constraint file: Top.pcf
Device,package,speed:     xc4vsx35,ff668,-10 (PRODUCTION 1.71 2013-10-13, STEPPING level 1)
Report level:             verbose report

Environment Variable      Effect 
--------------------      ------ 
NONE                      No environment variables were set
--------------------------------------------------------------------------------

INFO:Timing:2698 - No timing constraints found, doing default enumeration.
INFO:Timing:3412 - To improve timing, see the Timing Closure User Guide (UG612).
INFO:Timing:2752 - To get complete path coverage, use the unconstrained paths 
   option. All paths that are not constrained will be reported in the 
   unconstrained paths section(s) of the report.
INFO:Timing:3339 - The clock-to-out numbers in this timing report are based on 
   a 50 Ohm transmission line loading model.  For the details of this model, 
   and for more information on accounting for different loading conditions, 
   please see the device datasheet.



Data Sheet report:
-----------------
All values displayed in nanoseconds (ns)

Setup/Hold to clock clkcam
---------------+------------+------------+------------------+--------+
               |Max Setup to|Max Hold to |                  | Clock  |
Source         | clk (edge) | clk (edge) |Internal Clock(s) | Phase  |
---------------+------------+------------+------------------+--------+
ov7670_data1<0>|   -1.880(F)|    3.844(F)|ov7670_pclkbufmux |   0.000|
ov7670_data1<1>|   -2.080(F)|    4.031(F)|ov7670_pclkbufmux |   0.000|
ov7670_data1<2>|   -2.477(F)|    4.399(F)|ov7670_pclkbufmux |   0.000|
ov7670_data1<3>|   -2.480(F)|    4.401(F)|ov7670_pclkbufmux |   0.000|
ov7670_data1<4>|   -2.384(F)|    4.309(F)|ov7670_pclkbufmux |   0.000|
ov7670_data1<5>|   -2.969(F)|    4.863(F)|ov7670_pclkbufmux |   0.000|
ov7670_data1<6>|   -2.613(F)|    4.521(F)|ov7670_pclkbufmux |   0.000|
ov7670_data1<7>|   -2.380(F)|    4.307(F)|ov7670_pclkbufmux |   0.000|
ov7670_data2<0>|   -3.154(F)|    5.019(F)|ov7670_pclkbufmux |   0.000|
ov7670_data2<1>|   -3.508(F)|    5.346(F)|ov7670_pclkbufmux |   0.000|
ov7670_data2<2>|   -3.732(F)|    5.554(F)|ov7670_pclkbufmux |   0.000|
ov7670_data2<3>|   -3.640(F)|    5.470(F)|ov7670_pclkbufmux |   0.000|
ov7670_data2<4>|   -2.414(F)|    4.335(F)|ov7670_pclkbufmux |   0.000|
ov7670_data2<5>|   -3.277(F)|    5.143(F)|ov7670_pclkbufmux |   0.000|
ov7670_data2<6>|   -3.424(F)|    5.269(F)|ov7670_pclkbufmux |   0.000|
ov7670_data2<7>|   -2.836(F)|    4.725(F)|ov7670_pclkbufmux |   0.000|
ov7670_data3<0>|   -5.162(F)|    6.865(F)|ov7670_pclkbufmux |   0.000|
ov7670_data3<1>|   -4.929(F)|    6.653(F)|ov7670_pclkbufmux |   0.000|
ov7670_data3<2>|   -5.071(F)|    6.783(F)|ov7670_pclkbufmux |   0.000|
ov7670_data3<3>|   -5.302(F)|    6.997(F)|ov7670_pclkbufmux |   0.000|
ov7670_data3<4>|   -5.279(F)|    6.973(F)|ov7670_pclkbufmux |   0.000|
ov7670_data3<5>|   -5.083(F)|    6.808(F)|ov7670_pclkbufmux |   0.000|
ov7670_data3<6>|   -5.270(F)|    6.968(F)|ov7670_pclkbufmux |   0.000|
ov7670_data3<7>|   -5.220(F)|    6.922(F)|ov7670_pclkbufmux |   0.000|
ov7670_data4<0>|   -5.129(F)|    6.835(F)|ov7670_pclkbufmux |   0.000|
ov7670_data4<1>|   -5.151(F)|    6.856(F)|ov7670_pclkbufmux |   0.000|
ov7670_data4<2>|   -5.100(F)|    6.811(F)|ov7670_pclkbufmux |   0.000|
ov7670_data4<3>|   -5.096(F)|    6.809(F)|ov7670_pclkbufmux |   0.000|
ov7670_data4<4>|   -5.110(F)|    6.816(F)|ov7670_pclkbufmux |   0.000|
ov7670_data4<5>|   -4.923(F)|    6.661(F)|ov7670_pclkbufmux |   0.000|
ov7670_data4<6>|   -5.208(F)|    6.909(F)|ov7670_pclkbufmux |   0.000|
ov7670_data4<7>|   -5.157(F)|    6.862(F)|ov7670_pclkbufmux |   0.000|
ov7670_href1   |   -2.832(F)|    4.772(F)|ov7670_pclkbufmux |   0.000|
ov7670_href2   |   -3.710(F)|    5.575(F)|ov7670_pclkbufmux |   0.000|
ov7670_href3   |   -4.610(F)|    6.403(F)|ov7670_pclkbufmux |   0.000|
ov7670_href4   |   -4.335(F)|    6.151(F)|ov7670_pclkbufmux |   0.000|
ov7670_pclk1   |    3.930(R)|   -1.675(R)|clkcambuf         |   0.000|
ov7670_pclk2   |    1.184(R)|    0.873(R)|clkcambuf         |   0.000|
ov7670_pclk3   |    1.188(R)|    0.870(R)|clkcambuf         |   0.000|
ov7670_pclk4   |    1.217(R)|    0.845(R)|clkcambuf         |   0.000|
ov7670_vsync1  |   -2.588(F)|    4.561(F)|ov7670_pclkbufmux |   0.000|
ov7670_vsync2  |   -3.752(F)|    5.630(F)|ov7670_pclkbufmux |   0.000|
ov7670_vsync3  |   -4.749(F)|    6.548(F)|ov7670_pclkbufmux |   0.000|
ov7670_vsync4  |   -4.715(F)|    6.516(F)|ov7670_pclkbufmux |   0.000|
pb             |   -1.111(R)|    3.066(R)|clkcambuf         |   0.000|
sw<0>          |   -0.830(R)|    3.142(R)|clkcambuf         |   0.000|
               |   -1.009(F)|    5.392(F)|ov7670_pclkbufmux |   0.000|
sw<1>          |   -1.083(R)|    2.928(R)|clkcambuf         |   0.000|
               |   -1.519(F)|    5.546(F)|ov7670_pclkbufmux |   0.000|
sw<2>          |   -1.032(R)|    2.785(R)|clkcambuf         |   0.000|
               |   -2.658(F)|    6.299(F)|ov7670_pclkbufmux |   0.000|
sw<3>          |   -0.998(R)|    2.759(R)|clkcambuf         |   0.000|
               |   -2.979(F)|    5.784(F)|ov7670_pclkbufmux |   0.000|
---------------+------------+------------+------------------+--------+

Clock clkcam to Pad
-------------+------------+------------------+--------+
             | clk (edge) |                  | Clock  |
Destination  |   to PAD   |Internal Clock(s) | Phase  |
-------------+------------+------------------+--------+
o_debug<4>   |   13.621(R)|clkcambuf         |   0.000|
ov7670_pwdn1 |   12.385(R)|clkcambuf         |   0.000|
ov7670_pwdn2 |   11.745(R)|clkcambuf         |   0.000|
ov7670_pwdn3 |   11.732(R)|clkcambuf         |   0.000|
ov7670_pwdn4 |   11.462(R)|clkcambuf         |   0.000|
ov7670_reset1|   12.214(R)|clkcambuf         |   0.000|
ov7670_reset2|   11.424(R)|clkcambuf         |   0.000|
ov7670_reset3|   11.226(R)|clkcambuf         |   0.000|
ov7670_reset4|   11.493(R)|clkcambuf         |   0.000|
ov7670_sioc1 |   12.797(R)|clkcambuf         |   0.000|
ov7670_sioc2 |   12.985(R)|clkcambuf         |   0.000|
ov7670_sioc3 |   12.778(R)|clkcambuf         |   0.000|
ov7670_sioc4 |   13.576(R)|clkcambuf         |   0.000|
ov7670_siod1 |   16.070(R)|clkcambuf         |   0.000|
ov7670_siod2 |   16.572(R)|clkcambuf         |   0.000|
ov7670_siod3 |   17.128(R)|clkcambuf         |   0.000|
ov7670_siod4 |   15.301(R)|clkcambuf         |   0.000|
vga_o_clk25  |   12.057(R)|clkcambuf         |   0.000|
-------------+------------+------------------+--------+

Clock to Setup on destination clock clkcam
---------------+---------+---------+---------+---------+
               | Src:Rise| Src:Fall| Src:Rise| Src:Fall|
Source Clock   |Dest:Rise|Dest:Rise|Dest:Fall|Dest:Fall|
---------------+---------+---------+---------+---------+
clkcam         |    5.352|    4.062|         |         |
---------------+---------+---------+---------+---------+

Pad to Pad
---------------+---------------+---------+
Source Pad     |Destination Pad|  Delay  |
---------------+---------------+---------+
clkcam         |ov7670_xclk1   |    8.302|
clkcam         |ov7670_xclk2   |    7.340|
clkcam         |ov7670_xclk3   |    7.612|
clkcam         |ov7670_xclk4   |    7.789|
ov7670_data1<0>|o_debug<3>     |    6.815|
ov7670_href1   |o_debug<1>     |    6.596|
ov7670_pclk1   |o_debug<0>     |   12.913|
ov7670_vsync1  |o_debug<2>     |    7.546|
---------------+---------------+---------+


Analysis completed Wed Aug 24 22:18:43 2022 
--------------------------------------------------------------------------------

Trace Settings:
-------------------------
Trace Settings 

Peak Memory Usage: 497 MB



