INFO:sim:172 - Generating IP...
Applying current project options...
Finished applying current project options.
WARNING:sim - A core named 'frame_buffer' already exists in the project. Output
   products for this core may be overwritten.
Resolving generics for 'frame_buffer'...
WARNING:sim - A core named 'frame_buffer' already exists in the project. Output
   products for this core may be overwritten.
Applying external generics to 'frame_buffer'...
Delivering associated files for 'frame_buffer'...
Delivering EJava files for 'frame_buffer'...
Generating implementation netlist for 'frame_buffer'...
INFO:sim - Pre-processing HDL files for 'frame_buffer'...
Running synthesis for 'frame_buffer'
Running ngcbuild...
Writing VHO instantiation template for 'frame_buffer'...
Writing VHDL behavioral simulation model for 'frame_buffer'...
WARNING:sim - Overwriting existing file
   /home/user/workspace/vhdl_projects/camera2/ov7670_vga_Nexys2/ipcore_dir/tmp/_
   cg/frame_buffer/doc/blk_mem_gen_v7_3_vinfo.html with file from view
   xilinx_documentation
Delivered 1 file into directory
/home/user/workspace/vhdl_projects/camera2/ov7670_vga_Nexys2/ipcore_dir/tmp/_cg/
frame_buffer
Generating ASY schematic symbol...
INFO:sim:949 - Finished generation of ASY schematic symbol.
Generating SYM schematic symbol for 'frame_buffer'...
Generating metadata file...
Regenerating ISE project file for 'frame_buffer'...
Generating ISE project...
XCO file found: frame_buffer.xco
XMDF file found: frame_buffer_xmdf.tcl
Adding
/home/user/workspace/vhdl_projects/camera2/ov7670_vga_Nexys2/ipcore_dir/tmp/_cg/
frame_buffer.asy -view all -origin_type imported
Adding
/home/user/workspace/vhdl_projects/camera2/ov7670_vga_Nexys2/ipcore_dir/tmp/_cg/
frame_buffer.ngc -view all -origin_type created
Checking file
"/home/user/workspace/vhdl_projects/camera2/ov7670_vga_Nexys2/ipcore_dir/tmp/_cg
/frame_buffer.ngc" for project device match ...
File
"/home/user/workspace/vhdl_projects/camera2/ov7670_vga_Nexys2/ipcore_dir/tmp/_cg
/frame_buffer.ngc" device information matches project device.
Adding
/home/user/workspace/vhdl_projects/camera2/ov7670_vga_Nexys2/ipcore_dir/tmp/_cg/
frame_buffer.sym -view all -origin_type imported
Adding
/home/user/workspace/vhdl_projects/camera2/ov7670_vga_Nexys2/ipcore_dir/tmp/_cg/
frame_buffer.vhd -view all -origin_type created
INFO:HDLCompiler:1061 - Parsing VHDL file
   "/home/user/workspace/vhdl_projects/camera2/ov7670_vga_Nexys2/ipcore_dir/tmp/
   _cg/frame_buffer.vhd" into library work
INFO:ProjectMgmt - Parsing design hierarchy completed successfully.
Adding
/home/user/workspace/vhdl_projects/camera2/ov7670_vga_Nexys2/ipcore_dir/tmp/_cg/
frame_buffer.vho -view all -origin_type imported
INFO:TclTasksC:2116 - The automatic calculation of top has been turned-off.
   Please set the new top explicitly by running the "project set top" command.
   To re-calculate the new top automatically, set the "Auto Implementation Top"
   property to true.
Top level has been set to "/frame_buffer"
Generating README file...
Generating FLIST file...
INFO:sim:948 - Finished FLIST file generation.
Launching README viewer...
Moving files to output directory...
Finished moving files to output directory
Wrote CGP file for project 'frame_buffer'.
