
User Configuration
-------------------------------------
Algorithm				:	Minimum_Area
Memory Type				:	Simple_Dual_Port_RAM
<<<<<<<< HEAD:new_init_qqvga_st7735/ipcore_dir/summary.log
Port A Write Width		:	16
Port B Read Width		:	16
Memory Depth			:	19200
--------------------------------------------------------------

Block RAM resource(s) (18K BRAMs)		: 19
========
Port A Write Width		:	5
Port B Read Width		:	5
Memory Depth			:	76800
--------------------------------------------------------------

Block RAM resource(s) (18K BRAMs)		: 24
>>>>>>>> r1/new_init_qvga:new_init_qvga/ipcore_dir/summary.log
--------------------------------------------------------------
Clock A Frequency		:  100
Port A Enable Rate		:  100
Port A Write Rate		:  50
----------------------------------------------------------
<<<<<<<< HEAD:new_init_qqvga_st7735/ipcore_dir/summary.log
Estimated Power for IP : 71.046301 mW
========
Estimated Power for IP : 29.052715 mW
>>>>>>>> r1/new_init_qvga:new_init_qvga/ipcore_dir/summary.log
----------------------------------------------------------
